<?xml version="1.0" encoding="UTF-8"?>
<!-- Generated by org.testng.reporters.JUnitXMLReporter -->
<testsuite ignored="3" hostname="DESKTOP-4DSHCHQ" failures="0" tests="2" name="test case" time="8.515" errors="0" timestamp="2022-06-19T11:23:36 IST">
  <testcase classname="testSenarios.TestCases" name="backoption" time="2.165"/>
  <testcase classname="testSenarios.TestCases" name="bookdel" time="1.028"/>
  <testcase classname="testSenarios.TestCases" name="createbook" time="0.0">
    <ignored/>
  </testcase> <!-- createbook -->
  <testcase classname="testSenarios.TestCases" name="updatebookdetails" time="0.0">
    <ignored/>
  </testcase> <!-- updatebookdetails -->
  <testcase classname="testSenarios.TestCases" name="bookdeatils" time="0.0">
    <ignored/>
  </testcase> <!-- bookdeatils -->
</testsuite> <!-- test case -->
