<?xml version="1.0" encoding="UTF-8"?>
<testng-results ignored="3" total="5" passed="2" failed="0" skipped="0">
  <reporter-output>
  </reporter-output>
  <suite started-at="2022-06-19T11:23:28 IST" name="Test suite" finished-at="2022-06-19T11:23:36 IST" duration-ms="8515">
    <groups>
    </groups>
    <test started-at="2022-06-19T11:23:28 IST" name="test case" finished-at="2022-06-19T11:23:36 IST" duration-ms="8515">
      <class name="testSenarios.TestCases">
        <test-method is-config="true" signature="befortest()[pri:0, instance:testSenarios.TestCases@130d63be]" started-at="2022-06-19T11:23:28 IST" name="befortest" finished-at="2022-06-19T11:23:33 IST" duration-ms="4966" status="PASS">
          <reporter-output>
          </reporter-output>
        </test-method> <!-- befortest -->
        <test-method signature="backoption()[pri:3, instance:testSenarios.TestCases@130d63be]" started-at="2022-06-19T11:23:33 IST" name="backoption" finished-at="2022-06-19T11:23:35 IST" duration-ms="2165" status="PASS">
          <reporter-output>
          </reporter-output>
        </test-method> <!-- backoption -->
        <test-method signature="bookdel()[pri:4, instance:testSenarios.TestCases@130d63be]" started-at="2022-06-19T11:23:35 IST" name="bookdel" finished-at="2022-06-19T11:23:36 IST" duration-ms="1028" status="PASS">
          <reporter-output>
          </reporter-output>
        </test-method> <!-- bookdel -->
        <test-method is-config="true" signature="aftertest()[pri:0, instance:testSenarios.TestCases@130d63be]" started-at="2022-06-19T11:23:36 IST" name="aftertest" finished-at="2022-06-19T11:23:36 IST" duration-ms="276" status="PASS">
          <reporter-output>
          </reporter-output>
        </test-method> <!-- aftertest -->
      </class> <!-- testSenarios.TestCases -->
    </test> <!-- test case -->
  </suite> <!-- Test suite -->
</testng-results>
