<?xml version="1.0" encoding="UTF-8"?>
<testng-results ignored="0" total="1" passed="1" failed="0" skipped="0">
  <reporter-output>
  </reporter-output>
  <suite started-at="2022-06-11T18:29:07 IST" name="Default suite" finished-at="2022-06-11T18:29:22 IST" duration-ms="14591">
    <groups>
    </groups>
    <test started-at="2022-06-11T18:29:07 IST" name="Default test" finished-at="2022-06-11T18:29:22 IST" duration-ms="14591">
      <class name="testSenarios.TestCases">
        <test-method is-config="true" signature="befortest()[pri:0, instance:testSenarios.TestCases@4f83df68]" started-at="2022-06-11T18:29:07 IST" name="befortest" finished-at="2022-06-11T18:29:15 IST" duration-ms="8285" status="PASS">
          <reporter-output>
          </reporter-output>
        </test-method> <!-- befortest -->
        <test-method signature="createbook()[pri:0, instance:testSenarios.TestCases@4f83df68]" started-at="2022-06-11T18:29:15 IST" name="createbook" finished-at="2022-06-11T18:29:21 IST" duration-ms="5841" status="PASS">
          <reporter-output>
          </reporter-output>
        </test-method> <!-- createbook -->
        <test-method is-config="true" signature="aftertest()[pri:0, instance:testSenarios.TestCases@4f83df68]" started-at="2022-06-11T18:29:21 IST" name="aftertest" finished-at="2022-06-11T18:29:22 IST" duration-ms="378" status="PASS">
          <reporter-output>
          </reporter-output>
        </test-method> <!-- aftertest -->
      </class> <!-- testSenarios.TestCases -->
    </test> <!-- Default test -->
  </suite> <!-- Default suite -->
</testng-results>
