<?xml version="1.0" encoding="UTF-8"?>
<!-- Generated by org.testng.reporters.JUnitXMLReporter -->
<testsuite ignored="3" hostname="DESKTOP-4DSHCHQ" failures="0" tests="2" name="Default test" time="11.601" errors="0" timestamp="2022-06-19T11:10:25 IST">
  <testcase classname="testSenarios.TestCases" name="backoption" time="2.08"/>
  <testcase classname="testSenarios.TestCases" name="bookdel" time="0.834"/>
  <testcase classname="testSenarios.TestCases" name="updatebookdetails" time="0.0">
    <ignored/>
  </testcase> <!-- updatebookdetails -->
  <testcase classname="testSenarios.TestCases" name="bookdeatils" time="0.0">
    <ignored/>
  </testcase> <!-- bookdeatils -->
  <testcase classname="testSenarios.TestCases" name="createbook" time="0.0">
    <ignored/>
  </testcase> <!-- createbook -->
</testsuite> <!-- Default test -->
